{"message":"Hello, Winston!","level":"info"}
{"message":"Remedy API Call for Access Token Response -Status!200","level":"info"}
{"message":"Remedy API Call for URL -Status 200","level":"info"}
{"message":"Remedy API Call for Incident worklog Update - Status ! 204","level":"info"}
{"message":"Hello, Bot Logger!","level":"error"}
{"message":"Hello, Bot Logger!","level":"error"}
{"message":"Hello, Bot Logger!","level":"error"}
{"message":"Remedy API Call for Access Token Response error !Error: getaddrinfo ENOTFOUND vtrvitstp-03","level":"error"}
{"message":"Hello, Bot Logger!","level":"info"}
{"message":"Remedy API Call for Access Token Response -Status!200","level":"info"}
{"message":"Remedy API Call for URL -Status 500","level":"info"}
{"message":"Hello, Bot Logger!","level":"info"}
{"message":"Remedy API Call for Access Token Response -Status!200","level":"info"}
{"message":"Remedy API Call for URL -Status 200","level":"info"}
{"message":"Remedy API Call for Incident worklog Update - Status ! 204","level":"info"}
{"message":"Hello, Bot Logger!","level":"info"}
{"message":"Remedy API Call for Access Token Response -Status!200","level":"info"}
{"message":"Remedy API Call for URL -Status 200","level":"info"}
{"message":"Remedy API Call for Incident worklog Update - Status ! 204","level":"info"}
{"message":"Hello, Bot Logger!","level":"info"}
{"message":"Remedy API Call for Access Token Response -Status!200","level":"info"}
{"message":"Remedy API Call for URL -Status 200","level":"info"}
{"message":"Remedy API Call for Incident worklog Update - Status ! 204","level":"info"}
{"message":"Hello, Bot Logger!","level":"info"}
{"message":"Remedy API Call for Access Token Response -Status!200","level":"info"}
{"message":"Remedy API Call for URL -Status 200","level":"info"}
{"message":"Remedy API Call for Incident worklog Update - Status ! 204","level":"info"}
{"message":"Hello, Bot Logger!","level":"info"}
{"message":"Hello, Bot Logger!","level":"info"}
{"message":"Hello, Bot Logger!","level":"info"}
{"message":"Remedy API Call for Access Token Response -Status!200","level":"info"}
{"message":"Remedy API Call for URL -Status 500","level":"info"}
{"message":"Hello, Bot Logger!","level":"info"}
{"message":"Remedy API Call for Access Token Response -Status!200","level":"info"}
{"message":"Remedy API Call for URL -Status 500","level":"info"}
{"message":"Hello, Bot Logger!","level":"info"}
{"message":"Hello, Bot Logger!","level":"info"}
{"message":"Hello, Bot Logger!","level":"info"}
{"message":"Remedy API Call for Access Token Response -Status!200","level":"info"}
{"message":"Remedy API Call for URL -Status 500","level":"info"}
{"message":"Hello, Bot Logger!","level":"info"}
{"message":"Remedy API Call for Access Token Response -Status!200","level":"info"}
{"message":"Remedy API Call for URL -Status 200","level":"info"}
{"message":"Remedy API Call for Incident worklog Update - Status ! 204","level":"info"}
{"message":"Hello, Bot Logger!","level":"info"}
{"message":"Remedy API Call for Access Token Response -Status!200","level":"info"}
{"message":"Remedy API Call for URL -Status 200","level":"info"}
{"message":"Remedy API Call for Incident worklog Update - Status ! 204","level":"info"}
{"message":"Remedy API Call for Access Token Response -Status!200","level":"info"}
{"message":"Remedy API Call for URL -Status 200","level":"info"}
{"message":"Remedy API Call for Incident worklog Update - Status ! 204","level":"info"}
{"message":"Hello, Bot Logger!","level":"info"}
{"message":"Remedy API Call for Access Token Response -Status!200","level":"info"}
{"message":"Remedy API Call for URL -Status 200","level":"info"}
{"message":"Remedy API Call for Incident worklog Update - Status ! 204","level":"info"}
{"message":"Hello, Bot Logger!","level":"info"}
{"message":"Remedy API Call for Access Token Response -Status!200","level":"info"}
{"message":"Remedy API Call for URL -Status 200","level":"info"}
{"message":"Remedy API Call for Incident worklog Update - Status ! 204","level":"info"}
{"message":"Hello, Bot Logger!","level":"info"}
{"message":"Remedy API Call for Access Token Response -Status!200","level":"info"}
{"message":"Remedy API Call for URL -Status 200","level":"info"}
{"message":"Remedy API Call for Incident worklog Update - Status ! 204","level":"info"}
